SF:lib\src\controllers\page_flip_state_controller.dart
DA:7,3
DA:14,6
DA:15,3
DA:16,3
DA:18,9
DA:41,6
DA:42,6
DA:43,4
DA:44,4
DA:45,6
DA:46,0
DA:47,0
DA:49,3
DA:50,3
DA:51,0
DA:53,9
DA:57,2
DA:58,6
DA:59,4
DA:62,2
DA:63,2
DA:66,1
DA:67,2
DA:69,2
DA:70,1
DA:71,1
DA:72,1
DA:73,2
DA:76,1
DA:77,2
DA:79,2
DA:80,1
DA:82,3
DA:83,1
DA:84,2
DA:86,4
DA:87,1
DA:88,0
DA:91,2
DA:94,1
DA:95,1
DA:97,3
DA:98,4
DA:100,3
DA:101,2
DA:102,1
DA:104,2
DA:108,1
DA:109,1
DA:111,1
DA:112,2
DA:113,2
DA:116,3
DA:118,1
DA:119,1
DA:121,1
DA:124,3
DA:127,1
DA:128,1
DA:129,0
DA:130,0
DA:132,0
DA:135,0
DA:138,2
DA:139,6
DA:141,6
DA:142,2
DA:146,2
DA:147,2
DA:148,2
DA:149,2
DA:151,4
DA:152,4
DA:153,4
DA:154,4
DA:156,2
DA:157,2
DA:159,2
DA:162,6
DA:165,2
DA:167,2
DA:168,4
DA:170,2
DA:172,6
DA:173,4
DA:176,2
DA:177,4
DA:178,2
DA:179,2
DA:180,4
DA:181,4
DA:184,3
DA:185,9
DA:186,6
LF:94
LH:86
end_of_record
SF:lib\src\page_flip_widget.dart
DA:15,1
DA:16,2
DA:19,0
DA:20,0
DA:23,0
DA:24,0
DA:30,2
DA:41,6
DA:43,2
DA:54,2
DA:55,2
DA:65,2
DA:67,2
DA:68,6
DA:69,4
DA:70,4
DA:71,4
DA:74,4
DA:76,6
DA:77,2
DA:78,6
DA:80,2
DA:81,2
DA:83,12
DA:86,6
DA:87,12
DA:88,6
DA:89,2
DA:93,0
DA:95,0
DA:96,0
DA:99,0
DA:100,0
DA:101,0
DA:102,0
DA:103,0
DA:105,0
DA:106,0
DA:109,0
DA:112,2
DA:114,4
DA:115,4
DA:116,2
DA:119,2
DA:120,6
DA:121,4
DA:122,8
DA:123,8
DA:124,2
DA:127,2
DA:128,4
DA:129,4
DA:130,4
DA:131,0
DA:132,0
DA:137,2
DA:138,4
DA:139,0
DA:144,2
DA:145,2
DA:146,2
DA:147,2
DA:149,2
DA:156,2
DA:157,4
DA:158,8
DA:161,1
DA:162,2
DA:163,4
DA:166,0
DA:167,0
DA:168,0
DA:171,0
DA:172,0
DA:175,0
DA:178,2
DA:181,2
DA:182,2
DA:183,6
DA:185,2
DA:186,2
DA:187,4
DA:188,4
DA:189,4
DA:190,4
DA:191,4
DA:192,4
DA:193,4
DA:194,6
DA:198,2
DA:200,2
DA:201,6
DA:203,2
DA:204,2
DA:206,2
DA:208,4
DA:209,6
DA:210,2
DA:211,2
DA:212,5
DA:213,2
DA:214,5
DA:215,2
DA:216,5
DA:217,2
DA:218,5
DA:226,8
DA:227,6
DA:228,2
DA:232,10
DA:233,2
DA:236,1
DA:237,3
DA:238,1
DA:245,8
DA:246,6
DA:247,2
DA:251,10
DA:252,2
DA:255,1
DA:256,6
DA:257,1
DA:265,2
DA:266,12
DA:267,8
DA:268,8
DA:269,6
DA:271,14
DA:272,8
DA:274,14
DA:275,8
LF:131
LH:107
end_of_record
SF:lib\src\effects\page_flip_engine.dart
DA:8,2
DA:14,4
DA:15,4
DA:21,8
DA:24,16
DA:27,4
DA:28,8
DA:29,6
DA:30,12
DA:33,12
DA:34,4
DA:35,2
DA:36,6
DA:40,8
DA:46,4
DA:49,12
DA:52,8
DA:55,4
DA:56,2
DA:57,6
DA:59,4
DA:60,2
DA:61,6
DA:85,2
DA:98,2
DA:100,8
DA:105,2
DA:106,2
DA:107,2
DA:108,2
DA:112,6
DA:114,2
DA:115,6
DA:118,2
DA:119,2
DA:121,2
DA:122,2
DA:124,2
DA:127,2
DA:129,8
DA:134,2
DA:135,2
DA:137,2
DA:138,2
DA:139,4
DA:140,2
DA:141,2
DA:142,2
DA:143,2
DA:147,2
DA:152,4
DA:153,4
DA:154,2
DA:155,2
DA:157,2
DA:158,2
DA:159,4
DA:160,2
DA:161,2
DA:162,2
DA:163,2
DA:164,2
DA:168,2
DA:172,2
DA:175,2
DA:176,6
DA:178,4
DA:179,4
DA:180,4
DA:181,2
DA:182,2
DA:185,2
DA:187,2
DA:189,2
DA:190,4
DA:191,2
DA:192,2
DA:195,2
DA:198,2
DA:201,2
DA:202,2
DA:203,6
DA:205,4
DA:206,4
DA:207,4
DA:208,2
DA:209,8
DA:212,2
DA:214,2
DA:216,2
DA:217,4
DA:220,2
DA:221,2
DA:224,2
DA:227,2
DA:231,2
DA:236,6
DA:237,0
DA:238,0
DA:244,2
DA:253,2
DA:255,4
DA:256,0
DA:261,4
DA:262,0
DA:266,2
DA:267,2
DA:268,2
DA:269,2
DA:273,2
DA:279,2
DA:280,10
DA:281,10
DA:282,4
DA:283,2
DA:288,2
DA:290,6
DA:296,2
DA:305,2
DA:307,8
DA:308,0
DA:312,2
DA:313,2
DA:314,2
DA:315,2
DA:319,2
DA:325,4
DA:326,10
DA:327,10
DA:328,6
DA:329,2
DA:334,2
DA:336,6
DA:342,2
DA:351,1
DA:353,1
DA:354,1
DA:355,1
DA:358,1
DA:360,1
DA:361,4
DA:362,4
DA:364,1
DA:367,1
DA:376,3
DA:378,3
DA:383,6
DA:387,0
LF:148
LH:142
end_of_record
SF:lib\src\managers\pre_render_manager.dart
DA:11,2
DA:12,2
DA:15,4
DA:16,0
DA:17,0
DA:24,4
DA:25,6
DA:29,2
DA:30,2
DA:31,4
DA:32,4
DA:38,2
DA:44,4
DA:47,2
DA:48,6
DA:49,2
DA:51,6
DA:55,2
DA:57,4
DA:58,4
DA:60,4
DA:64,3
DA:65,2
DA:66,1
DA:68,0
DA:69,0
DA:70,0
DA:78,2
DA:79,2
DA:80,6
DA:81,8
DA:85,2
DA:86,4
DA:87,0
DA:88,0
DA:90,0
DA:93,2
DA:94,4
DA:97,2
DA:98,2
DA:99,2
DA:100,4
LF:42
LH:34
end_of_record
SF:lib\src\models\page_flip_config.dart
DA:5,1
DA:43,0
DA:46,0
DA:47,0
DA:48,0
DA:49,0
DA:50,0
DA:51,0
DA:52,0
DA:53,0
DA:54,0
DA:55,0
DA:56,0
DA:57,0
DA:59,0
DA:61,0
DA:62,0
DA:63,0
DA:64,0
DA:65,0
DA:66,0
DA:67,0
DA:68,0
LF:23
LH:1
end_of_record
SF:lib\src\page_flip_layer_view.dart
DA:7,2
DA:30,2
DA:32,4
DA:37,8
DA:38,2
DA:40,6
DA:45,2
DA:46,6
DA:47,10
DA:48,2
DA:49,2
DA:50,6
DA:56,6
DA:57,2
DA:59,2
DA:61,2
DA:66,6
DA:70,10
DA:71,6
DA:75,4
DA:76,3
DA:83,2
DA:91,2
DA:93,2
DA:96,2
DA:97,2
DA:100,2
DA:106,2
DA:107,2
DA:110,2
DA:116,2
DA:117,2
DA:119,2
DA:122,2
DA:124,2
DA:132,2
DA:133,4
DA:135,0
DA:137,4
LF:39
LH:38
end_of_record
